<?xml version="1.0" encoding="UTF-8"?>
<robot generator="Robot 7.3.2 (Python 3.14.0 on darwin)" generated="2025-11-17T19:35:02.967487" rpa="false" schemaversion="5">
<suite id="s1" name="Tests" source="/Users/nooa/Desktop/ohtu2025/webcounter/webcounter/src/tests">
<suite id="s1-s1" name="Increment" source="/Users/nooa/Desktop/ohtu2025/webcounter/webcounter/src/tests/increment.robot">
<kw name="Open And Configure Browser" owner="resource" type="SETUP">
<kw name="Set Selenium Speed" owner="SeleniumLibrary">
<arg>${DELAY}</arg>
<doc>Sets the delay that is waited after each Selenium command.</doc>
<status status="PASS" start="2025-11-17T19:35:03.081366" elapsed="0.000150"/>
</kw>
<kw name="Open Browser" owner="SeleniumLibrary">
<msg time="2025-11-17T19:35:03.081717" level="INFO">Opening browser 'safari' to base url 'None'.</msg>
<arg>browser=${BROWSER}</arg>
<doc>Opens a new browser instance to the optional ``url``.</doc>
<status status="PASS" start="2025-11-17T19:35:03.081604" elapsed="1.312221"/>
</kw>
<status status="PASS" start="2025-11-17T19:35:03.081042" elapsed="1.313973"/>
</kw>
<test id="s1-s1-t1" name="At start the counter is zero" line="7">
<kw name="Go To" owner="SeleniumLibrary">
<msg time="2025-11-17T19:35:04.398189" level="INFO">Opening url 'http://localhost:5001'</msg>
<arg>${HOME_URL}</arg>
<doc>Navigates the current browser window to the provided ``url``.</doc>
<status status="PASS" start="2025-11-17T19:35:04.397456" elapsed="0.584620"/>
</kw>
<kw name="Title Should Be" owner="SeleniumLibrary">
<msg time="2025-11-17T19:35:05.492306" level="INFO">Page title is 'Laskuri'.</msg>
<arg>Laskuri</arg>
<doc>Verifies that the current page title equals ``title``.</doc>
<status status="PASS" start="2025-11-17T19:35:04.982594" elapsed="0.509918"/>
</kw>
<kw name="Page Should Contain" owner="SeleniumLibrary">
<msg time="2025-11-17T19:35:06.522408" level="INFO">Current page contains text 'nappia painettu 0 kertaa'.</msg>
<arg>nappia painettu 0 kertaa</arg>
<doc>Verifies that current page contains ``text``.</doc>
<status status="PASS" start="2025-11-17T19:35:05.492900" elapsed="1.029678"/>
</kw>
<status status="PASS" start="2025-11-17T19:35:04.395848" elapsed="2.127294"/>
</test>
<test id="s1-s1-t2" name="When button pressed twice the counter is two" line="12">
<kw name="Go To" owner="SeleniumLibrary">
<msg time="2025-11-17T19:35:06.524302" level="INFO">Opening url 'http://localhost:5001'</msg>
<arg>${HOME_URL}</arg>
<doc>Navigates the current browser window to the provided ``url``.</doc>
<status status="PASS" start="2025-11-17T19:35:06.524087" elapsed="0.513846"/>
</kw>
<kw name="Click Button" owner="SeleniumLibrary">
<msg time="2025-11-17T19:35:07.039633" level="INFO">Clicking button 'Paina'.</msg>
<arg>Paina</arg>
<doc>Clicks the button identified by ``locator``.</doc>
<status status="PASS" start="2025-11-17T19:35:07.038523" elapsed="2.070113"/>
</kw>
<kw name="Click Button" owner="SeleniumLibrary">
<msg time="2025-11-17T19:35:09.109681" level="INFO">Clicking button 'Paina'.</msg>
<arg>Paina</arg>
<doc>Clicks the button identified by ``locator``.</doc>
<status status="PASS" start="2025-11-17T19:35:09.109189" elapsed="2.062674"/>
</kw>
<kw name="Page Should Contain" owner="SeleniumLibrary">
<msg time="2025-11-17T19:35:12.195514" level="INFO">Current page contains text 'nappia painettu 2 kertaa'.</msg>
<arg>nappia painettu 2 kertaa</arg>
<doc>Verifies that current page contains ``text``.</doc>
<status status="PASS" start="2025-11-17T19:35:11.172460" elapsed="1.023339"/>
</kw>
<status status="PASS" start="2025-11-17T19:35:06.523607" elapsed="5.672785"/>
</test>
<kw name="Close Browser" owner="SeleniumLibrary" type="TEARDOWN">
<doc>Closes the current browser.</doc>
<status status="PASS" start="2025-11-17T19:35:12.197887" elapsed="0.749569"/>
</kw>
<status status="PASS" start="2025-11-17T19:35:02.987882" elapsed="9.959685"/>
</suite>
<suite id="s1-s2" name="Reset" source="/Users/nooa/Desktop/ohtu2025/webcounter/webcounter/src/tests/reset.robot">
<kw name="Open And Configure Browser" owner="resource" type="SETUP">
<kw name="Set Selenium Speed" owner="SeleniumLibrary">
<arg>${DELAY}</arg>
<doc>Sets the delay that is waited after each Selenium command.</doc>
<status status="PASS" start="2025-11-17T19:35:12.950939" elapsed="0.000138"/>
</kw>
<kw name="Open Browser" owner="SeleniumLibrary">
<msg time="2025-11-17T19:35:12.951307" level="INFO">Opening browser 'safari' to base url 'None'.</msg>
<arg>browser=${BROWSER}</arg>
<doc>Opens a new browser instance to the optional ``url``.</doc>
<status status="PASS" start="2025-11-17T19:35:12.951149" elapsed="0.821345"/>
</kw>
<status status="PASS" start="2025-11-17T19:35:12.950828" elapsed="0.821887"/>
</kw>
<test id="s1-s2-t1" name="When counter has a nonzero value and it is reset the value becomes zero" line="7">
<kw name="Go To" owner="SeleniumLibrary">
<msg time="2025-11-17T19:35:13.773961" level="INFO">Opening url 'http://localhost:5001'</msg>
<arg>${HOME_URL}</arg>
<doc>Navigates the current browser window to the provided ``url``.</doc>
<status status="PASS" start="2025-11-17T19:35:13.773695" elapsed="0.532168"/>
</kw>
<kw name="Click Button" owner="SeleniumLibrary">
<msg time="2025-11-17T19:35:14.306615" level="INFO">Clicking button 'Paina'.</msg>
<arg>Paina</arg>
<doc>Clicks the button identified by ``locator``.</doc>
<status status="PASS" start="2025-11-17T19:35:14.306239" elapsed="2.065007"/>
</kw>
<kw name="Click Button" owner="SeleniumLibrary">
<msg time="2025-11-17T19:35:16.372359" level="INFO">Clicking button 'Paina'.</msg>
<arg>Paina</arg>
<doc>Clicks the button identified by ``locator``.</doc>
<status status="PASS" start="2025-11-17T19:35:16.371851" elapsed="2.062336"/>
</kw>
<kw name="Page Should Contain" owner="SeleniumLibrary">
<msg time="2025-11-17T19:35:19.465637" level="INFO">Current page contains text 'nappia painettu 4 kertaa'.</msg>
<arg>nappia painettu 4 kertaa</arg>
<doc>Verifies that current page contains ``text``.</doc>
<status status="PASS" start="2025-11-17T19:35:18.434807" elapsed="1.031093"/>
</kw>
<kw name="Click Button" owner="SeleniumLibrary">
<msg time="2025-11-17T19:35:19.467047" level="INFO">Clicking button 'Nollaa'.</msg>
<arg>Nollaa</arg>
<doc>Clicks the button identified by ``locator``.</doc>
<status status="PASS" start="2025-11-17T19:35:19.466413" elapsed="2.060684"/>
</kw>
<kw name="Page Should Contain" owner="SeleniumLibrary">
<msg time="2025-11-17T19:35:22.559181" level="INFO">Current page contains text 'nappia painettu 0 kertaa'.</msg>
<arg>nappia painettu 0 kertaa</arg>
<doc>Verifies that current page contains ``text``.</doc>
<status status="PASS" start="2025-11-17T19:35:21.527642" elapsed="1.031806"/>
</kw>
<status status="PASS" start="2025-11-17T19:35:13.772827" elapsed="8.787122"/>
</test>
<kw name="Close Browser" owner="SeleniumLibrary" type="TEARDOWN">
<doc>Closes the current browser.</doc>
<status status="PASS" start="2025-11-17T19:35:22.560985" elapsed="0.719988"/>
</kw>
<status status="PASS" start="2025-11-17T19:35:12.948374" elapsed="10.332754"/>
</suite>
<suite id="s1-s3" name="Set Counter" source="/Users/nooa/Desktop/ohtu2025/webcounter/webcounter/src/tests/set_counter.robot">
<kw name="Open And Configure Browser" owner="resource" type="SETUP">
<kw name="Set Selenium Speed" owner="SeleniumLibrary">
<arg>${DELAY}</arg>
<doc>Sets the delay that is waited after each Selenium command.</doc>
<status status="PASS" start="2025-11-17T19:35:23.287295" elapsed="0.000562"/>
</kw>
<kw name="Open Browser" owner="SeleniumLibrary">
<msg time="2025-11-17T19:35:23.289602" level="INFO">Opening browser 'safari' to base url 'None'.</msg>
<arg>browser=${BROWSER}</arg>
<doc>Opens a new browser instance to the optional ``url``.</doc>
<status status="PASS" start="2025-11-17T19:35:23.288156" elapsed="0.789367"/>
</kw>
<status status="PASS" start="2025-11-17T19:35:23.286852" elapsed="0.791073"/>
</kw>
<test id="s1-s3-t1" name="Set Counter To Specific Value" line="7">
<kw name="Go To" owner="SeleniumLibrary">
<msg time="2025-11-17T19:35:24.079298" level="INFO">Opening url 'http://localhost:5001'</msg>
<arg>${HOME_URL}</arg>
<doc>Navigates the current browser window to the provided ``url``.</doc>
<status status="PASS" start="2025-11-17T19:35:24.078787" elapsed="0.538348"/>
</kw>
<kw name="Input Text" owner="SeleniumLibrary">
<msg time="2025-11-17T19:35:24.618302" level="INFO">Typing text '7' into text field 'name=value'.</msg>
<arg>name=value</arg>
<arg>7</arg>
<doc>Types the given ``text`` into the text field identified by ``locator``.</doc>
<status status="PASS" start="2025-11-17T19:35:24.617781" elapsed="1.583421"/>
</kw>
<kw name="Click Button" owner="SeleniumLibrary">
<msg time="2025-11-17T19:35:26.202411" level="INFO">Clicking button 'Aseta'.</msg>
<arg>Aseta</arg>
<doc>Clicks the button identified by ``locator``.</doc>
<status status="PASS" start="2025-11-17T19:35:26.201867" elapsed="2.072886"/>
</kw>
<kw name="Page Should Contain" owner="SeleniumLibrary">
<msg time="2025-11-17T19:35:29.302213" level="INFO">Current page contains text 'nappia painettu 7 kertaa'.</msg>
<arg>nappia painettu 7 kertaa</arg>
<doc>Verifies that current page contains ``text``.</doc>
<status status="PASS" start="2025-11-17T19:35:28.275402" elapsed="1.027073"/>
</kw>
<status status="PASS" start="2025-11-17T19:35:24.078107" elapsed="5.224846"/>
</test>
<kw name="Close Browser" owner="SeleniumLibrary" type="TEARDOWN">
<doc>Closes the current browser.</doc>
<status status="PASS" start="2025-11-17T19:35:29.303973" elapsed="0.720432"/>
</kw>
<status status="PASS" start="2025-11-17T19:35:23.282310" elapsed="6.742299"/>
</suite>
<status status="PASS" start="2025-11-17T19:35:02.969350" elapsed="27.056727"/>
</suite>
<statistics>
<total>
<stat pass="4" fail="0" skip="0">All Tests</stat>
</total>
<tag>
</tag>
<suite>
<stat name="Tests" id="s1" pass="4" fail="0" skip="0">Tests</stat>
<stat name="Increment" id="s1-s1" pass="2" fail="0" skip="0">Tests.Increment</stat>
<stat name="Reset" id="s1-s2" pass="1" fail="0" skip="0">Tests.Reset</stat>
<stat name="Set Counter" id="s1-s3" pass="1" fail="0" skip="0">Tests.Set Counter</stat>
</suite>
</statistics>
<errors>
</errors>
</robot>
